#
# There is insufficient memory for the Java Runtime Environment to continue.
# Native memory allocation (malloc) failed to allocate 32744 bytes for ChunkPool::allocate
# Possible reasons:
#   The system is out of physical RAM or swap space
#   In 32 bit mode, the process size limit was hit
# Possible solutions:
#   Reduce memory load on the system
#   Increase physical memory or swap space
#   Check if swap backing store is full
#   Use 64 bit Java on a 64 bit OS
#   Decrease Java heap size (-Xmx/-Xms)
#   Decrease number of Java threads
#   Decrease Java thread stack sizes (-Xss)
#   Set larger code cache with -XX:ReservedCodeCacheSize=
# This output file may be truncated or incomplete.
#
#  Out of Memory Error (allocation.cpp:273), pid=5876, tid=0x0000000000002afc
#
# JRE version: OpenJDK Runtime Environment (8.0_152-b01) (build 1.8.0_152-release-915-b01)
# Java VM: OpenJDK 64-Bit Server VM (25.152-b01 mixed mode windows-amd64 compressed oops)
# Failed to write core dump. Minidumps are not enabled by default on client versions of Windows
#

---------------  T H R E A D  ---------------

Current thread (0x00000000186a4000):  JavaThread "C1 CompilerThread2" daemon [_thread_in_native, id=11004, stack(0x0000000019ff0000,0x000000001a0f0000)]

Stack: [0x0000000019ff0000,0x000000001a0f0000]
[error occurred during error reporting (printing stack bounds), id 0xc0000005]

Native frames: (J=compiled Java code, j=interpreted, Vv=VM code, C=native code)


Current CompileTask:
C1:  15530 5698       3       java.io.WinNTFileSystem::isAbsolute (36 bytes)


---------------  P R O C E S S  ---------------

Java Threads: ( => current thread )
  0x000000001ac10800 JavaThread "Memory manager" [_thread_blocked, id=7568, stack(0x0000000023900000,0x0000000023a00000)]
  0x000000001ac12800 JavaThread "build operations Thread 4" [_thread_blocked, id=4888, stack(0x0000000023400000,0x0000000023500000)]
  0x000000001fb1c000 JavaThread "build operations Thread 3" [_thread_blocked, id=11068, stack(0x0000000023300000,0x0000000023400000)]
  0x000000001fb1b000 JavaThread "build operations Thread 2" [_thread_blocked, id=10252, stack(0x0000000023200000,0x0000000023300000)]
  0x000000001fb18000 JavaThread "build operations" [_thread_blocked, id=11964, stack(0x00000000213d0000,0x00000000214d0000)]
  0x000000001fb1d800 JavaThread "Cache worker for Artifact transforms cache (C:\Users\Pondi Brian\.gradle\caches\transforms-1)" [_thread_blocked, id=1488, stack(0x0000000020230000,0x0000000020330000)]
  0x000000001d0d9000 JavaThread "Cache worker for file hash cache (D:\AndroidApps\ParksApp\.gradle\4.1\fileHashes)" [_thread_blocked, id=4428, stack(0x000000001ef60000,0x000000001f060000)]
  0x000000001c8d6000 JavaThread "File lock request listener" [_thread_in_native, id=9156, stack(0x000000001ec60000,0x000000001ed60000)]
  0x000000001ce94800 JavaThread "Cache worker for file hash cache (C:\Users\Pondi Brian\.gradle\caches\4.1\fileHashes)" [_thread_blocked, id=1840, stack(0x000000001eb60000,0x000000001ec60000)]
  0x000000001a3aa000 JavaThread "Stdin handler" [_thread_blocked, id=11904, stack(0x000000001ea60000,0x000000001eb60000)]
  0x000000001a3a7800 JavaThread "Asynchronous log dispatcher for DefaultDaemonConnection: socket connection from /127.0.0.1:64421 to /127.0.0.1:64422" [_thread_blocked, id=9188, stack(0x000000001e960000,0x000000001ea60000)]
  0x000000001a3a6000 JavaThread "Daemon worker" [_thread_in_vm, id=12844, stack(0x000000001e860000,0x000000001e960000)]
  0x000000001c7b0800 JavaThread "Cancel handler" [_thread_blocked, id=4024, stack(0x000000001e760000,0x000000001e860000)]
  0x000000001cc71800 JavaThread "Handler for socket connection from /127.0.0.1:64421 to /127.0.0.1:64422" [_thread_in_native, id=6364, stack(0x000000001e460000,0x000000001e560000)]
  0x000000001cc70800 JavaThread "Daemon" [_thread_blocked, id=3032, stack(0x000000001e360000,0x000000001e460000)]
  0x000000001cc6c000 JavaThread "Daemon periodic checks" [_thread_blocked, id=3668, stack(0x000000001e260000,0x000000001e360000)]
  0x000000001cb60800 JavaThread "Incoming local TCP Connector on port 64421" [_thread_in_native, id=1136, stack(0x000000001cf60000,0x000000001d060000)]
  0x000000001a118800 JavaThread "Service Thread" daemon [_thread_blocked, id=4056, stack(0x000000001a4f0000,0x000000001a5f0000)]
=>0x00000000186a4000 JavaThread "C1 CompilerThread2" daemon [_thread_in_native, id=11004, stack(0x0000000019ff0000,0x000000001a0f0000)]
  0x00000000186a1000 JavaThread "C2 CompilerThread1" daemon [_thread_in_native, id=1244, stack(0x0000000019ef0000,0x0000000019ff0000)]
  0x000000001869e000 JavaThread "C2 CompilerThread0" daemon [_thread_in_native, id=9692, stack(0x0000000019df0000,0x0000000019ef0000)]
  0x000000001869c000 JavaThread "Attach Listener" daemon [_thread_blocked, id=12604, stack(0x0000000019cf0000,0x0000000019df0000)]
  0x000000001869b000 JavaThread "Signal Dispatcher" daemon [_thread_blocked, id=9908, stack(0x0000000019bf0000,0x0000000019cf0000)]
  0x0000000018688800 JavaThread "Finalizer" daemon [_thread_blocked, id=13240, stack(0x0000000019900000,0x0000000019a00000)]
  0x0000000004ce2800 JavaThread "Reference Handler" daemon [_thread_blocked, id=9672, stack(0x0000000019800000,0x0000000019900000)]
  0x0000000004d2e800 JavaThread "main" [_thread_blocked, id=8596, stack(0x0000000004ab0000,0x0000000004bb0000)]

Other Threads:
  0x0000000018665800 VMThread [stack: 0x0000000019700000,0x0000000019800000] [id=8944]
  0x00000000186ea000 WatcherThread [stack: 0x000000001a5f0000,0x000000001a6f0000] [id=11204]

VM state:not at safepoint (normal execution)

VM Mutex/Monitor currently owned by a thread: None

Heap:
 PSYoungGen      total 184832K, used 49201K [0x00000000e0000000, 0x00000000ed980000, 0x0000000100000000)
  eden space 173568K, 21% used [0x00000000e0000000,0x00000000e250ebc8,0x00000000ea980000)
  from space 11264K, 99% used [0x00000000ea980000,0x00000000eb47d890,0x00000000eb480000)
  to   space 10752K, 0% used [0x00000000eb480000,0x00000000eb480000,0x00000000ebf00000)
 ParOldGen       total 80384K, used 21074K [0x00000000a0000000, 0x00000000a4e80000, 0x00000000e0000000)
  object space 80384K, 26% used [0x00000000a0000000,0x00000000a1494900,0x00000000a4e80000)
 Metaspace       used 50636K, capacity 52238K, committed 52312K, reserved 1093632K
  class space    used 6849K, capacity 7290K, committed 7296K, reserved 1048576K

Card table byte_map: [0x00000000140f0000,0x0000000014400000] byte_map_base: 0x0000000013bf0000

Marking Bits: (ParMarkBitMap*) 0x000000005fdd3950
 Begin Bits: [0x0000000014a00000, 0x0000000016200000)
 End Bits:   [0x0000000016200000, 0x0000000017a00000)

Polling page: 0x00000000009f0000

CodeCache: size=245760Kb used=18119Kb max_used=18119Kb free=227640Kb
 bounds [0x0000000004d30000, 0x0000000005f00000, 0x0000000013d30000]
 total_blobs=5935 nmethods=5186 adapters=661
 compilation: enabled

Compilation events (10 events):
Event: 15.526 Thread 0x00000000186a4000 5693       3       java.util.LinkedList::get (14 bytes)
Event: 15.527 Thread 0x00000000186a4000 nmethod 5693 0x0000000005ef0190 code [0x0000000005ef0340, 0x0000000005ef0768]
Event: 15.527 Thread 0x00000000186a4000 5694       3       com.google.common.collect.ImmutableSet::<init> (5 bytes)
Event: 15.527 Thread 0x00000000186a4000 nmethod 5694 0x0000000005ef0950 code [0x0000000005ef0ac0, 0x0000000005ef0d30]
Event: 15.527 Thread 0x00000000186a4000 5695       3       org.gradle.api.internal.attributes.ImmutableAttributes::getAttribute (37 bytes)
Event: 15.527 Thread 0x00000000186a1000 5696       4       sun.reflect.generics.repository.ConstructorRepository::getParameterTypes (78 bytes)
Event: 15.528 Thread 0x00000000186a4000 nmethod 5695 0x0000000005ef0e50 code [0x0000000005ef0fe0, 0x0000000005ef1338]
Event: 15.528 Thread 0x00000000186a4000 5697       3       org.gradle.api.internal.DefaultDomainObjectCollection::assertMutable (9 bytes)
Event: 15.528 Thread 0x00000000186a4000 nmethod 5697 0x0000000005ef1490 code [0x0000000005ef1600, 0x0000000005ef1828]
Event: 15.528 Thread 0x00000000186a4000 5698       3       java.io.WinNTFileSystem::isAbsolute (36 bytes)

GC Heap History (10 events):
Event: 4.378 GC heap before
{Heap before GC invocations=7 (full 1):
 PSYoungGen      total 66560K, used 61440K [0x00000000e0000000, 0x00000000e8b00000, 0x0000000100000000)
  eden space 61440K, 100% used [0x00000000e0000000,0x00000000e3c00000,0x00000000e3c00000)
  from space 5120K, 0% used [0x00000000e3c00000,0x00000000e3c00000,0x00000000e4100000)
  to   space 9728K, 0% used [0x00000000e8180000,0x00000000e8180000,0x00000000e8b00000)
 ParOldGen       total 51200K, used 6699K [0x00000000a0000000, 0x00000000a3200000, 0x00000000e0000000)
  object space 51200K, 13% used [0x00000000a0000000,0x00000000a068af48,0x00000000a3200000)
 Metaspace       used 25102K, capacity 25634K, committed 25984K, reserved 1071104K
  class space    used 3472K, capacity 3634K, committed 3712K, reserved 1048576K
Event: 4.405 GC heap after
Heap after GC invocations=7 (full 1):
 PSYoungGen      total 112128K, used 7096K [0x00000000e0000000, 0x00000000e8880000, 0x0000000100000000)
  eden space 104960K, 0% used [0x00000000e0000000,0x00000000e0000000,0x00000000e6680000)
  from space 7168K, 98% used [0x00000000e8180000,0x00000000e886e0d0,0x00000000e8880000)
  to   space 9728K, 0% used [0x00000000e7580000,0x00000000e7580000,0x00000000e7f00000)
 ParOldGen       total 51200K, used 6699K [0x00000000a0000000, 0x00000000a3200000, 0x00000000e0000000)
  object space 51200K, 13% used [0x00000000a0000000,0x00000000a068af48,0x00000000a3200000)
 Metaspace       used 25102K, capacity 25634K, committed 25984K, reserved 1071104K
  class space    used 3472K, capacity 3634K, committed 3712K, reserved 1048576K
}
Event: 6.318 GC heap before
{Heap before GC invocations=8 (full 1):
 PSYoungGen      total 112128K, used 112056K [0x00000000e0000000, 0x00000000e8880000, 0x0000000100000000)
  eden space 104960K, 100% used [0x00000000e0000000,0x00000000e6680000,0x00000000e6680000)
  from space 7168K, 98% used [0x00000000e8180000,0x00000000e886e0d0,0x00000000e8880000)
  to   space 9728K, 0% used [0x00000000e7580000,0x00000000e7580000,0x00000000e7f00000)
 ParOldGen       total 51200K, used 6699K [0x00000000a0000000, 0x00000000a3200000, 0x00000000e0000000)
  object space 51200K, 13% used [0x00000000a0000000,0x00000000a068af48,0x00000000a3200000)
 Metaspace       used 31131K, capacity 31722K, committed 31872K, reserved 1077248K
  class space    used 4233K, capacity 4424K, committed 4480K, reserved 1048576K
Event: 6.331 GC heap after
Heap after GC invocations=8 (full 1):
 PSYoungGen      total 130048K, used 9469K [0x00000000e0000000, 0x00000000ebf00000, 0x0000000100000000)
  eden space 120320K, 0% used [0x00000000e0000000,0x00000000e0000000,0x00000000e7580000)
  from space 9728K, 97% used [0x00000000e7580000,0x00000000e7ebf5a0,0x00000000e7f00000)
  to   space 10752K, 0% used [0x00000000eb480000,0x00000000eb480000,0x00000000ebf00000)
 ParOldGen       total 51200K, used 6771K [0x00000000a0000000, 0x00000000a3200000, 0x00000000e0000000)
  object space 51200K, 13% used [0x00000000a0000000,0x00000000a069cf58,0x00000000a3200000)
 Metaspace       used 31131K, capacity 31722K, committed 31872K, reserved 1077248K
  class space    used 4233K, capacity 4424K, committed 4480K, reserved 1048576K
}
Event: 6.745 GC heap before
{Heap before GC invocations=9 (full 1):
 PSYoungGen      total 130048K, used 32894K [0x00000000e0000000, 0x00000000ebf00000, 0x0000000100000000)
  eden space 120320K, 19% used [0x00000000e0000000,0x00000000e16e05a0,0x00000000e7580000)
  from space 9728K, 97% used [0x00000000e7580000,0x00000000e7ebf5a0,0x00000000e7f00000)
  to   space 10752K, 0% used [0x00000000eb480000,0x00000000eb480000,0x00000000ebf00000)
 ParOldGen       total 51200K, used 6771K [0x00000000a0000000, 0x00000000a3200000, 0x00000000e0000000)
  object space 51200K, 13% used [0x00000000a0000000,0x00000000a069cf58,0x00000000a3200000)
 Metaspace       used 34475K, capacity 35190K, committed 35416K, reserved 1079296K
  class space    used 4673K, capacity 4929K, committed 4992K, reserved 1048576K
Event: 6.757 GC heap after
Heap after GC invocations=9 (full 1):
 PSYoungGen      total 184320K, used 9023K [0x00000000e0000000, 0x00000000ed980000, 0x0000000100000000)
  eden space 173568K, 0% used [0x00000000e0000000,0x00000000e0000000,0x00000000ea980000)
  from space 10752K, 83% used [0x00000000eb480000,0x00000000ebd4ffe8,0x00000000ebf00000)
  to   space 11264K, 0% used [0x00000000ea980000,0x00000000ea980000,0x00000000eb480000)
 ParOldGen       total 51200K, used 6779K [0x00000000a0000000, 0x00000000a3200000, 0x00000000e0000000)
  object space 51200K, 13% used [0x00000000a0000000,0x00000000a069ef58,0x00000000a3200000)
 Metaspace       used 34475K, capacity 35190K, committed 35416K, reserved 1079296K
  class space    used 4673K, capacity 4929K, committed 4992K, reserved 1048576K
}
Event: 6.757 GC heap before
{Heap before GC invocations=10 (full 2):
 PSYoungGen      total 184320K, used 9023K [0x00000000e0000000, 0x00000000ed980000, 0x0000000100000000)
  eden space 173568K, 0% used [0x00000000e0000000,0x00000000e0000000,0x00000000ea980000)
  from space 10752K, 83% used [0x00000000eb480000,0x00000000ebd4ffe8,0x00000000ebf00000)
  to   space 11264K, 0% used [0x00000000ea980000,0x00000000ea980000,0x00000000eb480000)
 ParOldGen       total 51200K, used 6779K [0x00000000a0000000, 0x00000000a3200000, 0x00000000e0000000)
  object space 51200K, 13% used [0x00000000a0000000,0x00000000a069ef58,0x00000000a3200000)
 Metaspace       used 34475K, capacity 35190K, committed 35416K, reserved 1079296K
  class space    used 4673K, capacity 4929K, committed 4992K, reserved 1048576K
Event: 6.879 GC heap after
Heap after GC invocations=10 (full 2):
 PSYoungGen      total 184320K, used 0K [0x00000000e0000000, 0x00000000ed980000, 0x0000000100000000)
  eden space 173568K, 0% used [0x00000000e0000000,0x00000000e0000000,0x00000000ea980000)
  from space 10752K, 0% used [0x00000000eb480000,0x00000000eb480000,0x00000000ebf00000)
  to   space 11264K, 0% used [0x00000000ea980000,0x00000000ea980000,0x00000000eb480000)
 ParOldGen       total 80384K, used 15010K [0x00000000a0000000, 0x00000000a4e80000, 0x00000000e0000000)
  object space 80384K, 18% used [0x00000000a0000000,0x00000000a0ea8ad8,0x00000000a4e80000)
 Metaspace       used 34475K, capacity 35190K, committed 35416K, reserved 1079296K
  class space    used 4673K, capacity 4929K, committed 4992K, reserved 1048576K
}
Event: 13.454 GC heap before
{Heap before GC invocations=11 (full 2):
 PSYoungGen      total 184320K, used 173568K [0x00000000e0000000, 0x00000000ed980000, 0x0000000100000000)
  eden space 173568K, 100% used [0x00000000e0000000,0x00000000ea980000,0x00000000ea980000)
  from space 10752K, 0% used [0x00000000eb480000,0x00000000eb480000,0x00000000ebf00000)
  to   space 11264K, 0% used [0x00000000ea980000,0x00000000ea980000,0x00000000eb480000)
 ParOldGen       total 80384K, used 15010K [0x00000000a0000000, 0x00000000a4e80000, 0x00000000e0000000)
  object space 80384K, 18% used [0x00000000a0000000,0x00000000a0ea8ad8,0x00000000a4e80000)
 Metaspace       used 47963K, capacity 49108K, committed 49240K, reserved 1091584K
  class space    used 6420K, capacity 6761K, committed 6784K, reserved 1048576K
Event: 13.474 GC heap after
Heap after GC invocations=11 (full 2):
 PSYoungGen      total 184832K, used 11254K [0x00000000e0000000, 0x00000000ed980000, 0x0000000100000000)
  eden space 173568K, 0% used [0x00000000e0000000,0x00000000e0000000,0x00000000ea980000)
  from space 11264K, 99% used [0x00000000ea980000,0x00000000eb47d890,0x00000000eb480000)
  to   space 10752K, 0% used [0x00000000eb480000,0x00000000eb480000,0x00000000ebf00000)
 ParOldGen       total 80384K, used 21074K [0x00000000a0000000, 0x00000000a4e80000, 0x00000000e0000000)
  object space 80384K, 26% used [0x00000000a0000000,0x00000000a1494900,0x00000000a4e80000)
 Metaspace       used 47963K, capacity 49108K, committed 49240K, reserved 1091584K
  class space    used 6420K, capacity 6761K, committed 6784K, reserved 1048576K
}

Deoptimization events (10 events):
Event: 10.732 Thread 0x000000001a3a6000 Uncommon trap: reason=class_check action=maybe_recompile pc=0x0000000005963fbc method=com.sun.org.apache.xerces.internal.impl.XMLDocumentFragmentScannerImpl.scanEndElement()I @ 145
Event: 10.732 Thread 0x000000001a3a6000 Uncommon trap: reason=class_check action=maybe_recompile pc=0x0000000005963fbc method=com.sun.org.apache.xerces.internal.impl.XMLDocumentFragmentScannerImpl.scanEndElement()I @ 145
Event: 10.732 Thread 0x000000001a3a6000 Uncommon trap: reason=class_check action=maybe_recompile pc=0x0000000005963fbc method=com.sun.org.apache.xerces.internal.impl.XMLDocumentFragmentScannerImpl.scanEndElement()I @ 145
Event: 10.961 Thread 0x000000001a3a6000 Uncommon trap: reason=unstable_if action=reinterpret pc=0x00000000057e2c84 method=java.lang.Integer.parseInt(Ljava/lang/String;I)I @ 197
Event: 13.319 Thread 0x000000001a3a6000 Uncommon trap: reason=unstable_if action=reinterpret pc=0x000000000564f798 method=org.objectweb.asm.ByteVector.putUTF8(Ljava/lang/String;)Lorg/objectweb/asm/ByteVector; @ 91
Event: 13.413 Thread 0x000000001a3a6000 Uncommon trap: reason=unstable_if action=reinterpret pc=0x000000000551abb4 method=java.lang.String.lastIndexOf([CII[CIII)I @ 118
Event: 14.660 Thread 0x000000001a3a6000 Uncommon trap: reason=unstable_if action=reinterpret pc=0x0000000005e578b8 method=java.util.regex.Pattern$Branch.match(Ljava/util/regex/Matcher;ILjava/lang/CharSequence;)Z @ 35
Event: 15.043 Thread 0x000000001a3a6000 Uncommon trap: reason=unstable_if action=reinterpret pc=0x000000000564dfe8 method=org.objectweb.asm.Type.getArgumentsAndReturnSizes(Ljava/lang/String;)I @ 47
Event: 15.043 Thread 0x000000001a3a6000 Uncommon trap: reason=unstable_if action=reinterpret pc=0x00000000055381e0 method=org.objectweb.asm.Type.getArgumentsAndReturnSizes(Ljava/lang/String;)I @ 47
Event: 15.504 Thread 0x000000001a3a6000 Uncommon trap: reason=unstable_if action=reinterpret pc=0x0000000005dee408 method=java.util.TreeMap.put(Ljava/lang/Object;Ljava/lang/Object;)Ljava/lang/Object; @ 163

Classes redefined (0 events):
No events

Internal exceptions (10 events):
Event: 11.315 Thread 0x000000001a3a6000 Exception <a 'sun/nio/fs/WindowsException'> (0x00000000e8c1e0c8) thrown at [D:\src\AOSP-openjdk-cygwin\jdk8u\hotspot\src\share\vm\prims\jni.cpp, line 709]
Event: 11.315 Thread 0x000000001a3a6000 Exception <a 'sun/nio/fs/WindowsException'> (0x00000000e8c1edc0) thrown at [D:\src\AOSP-openjdk-cygwin\jdk8u\hotspot\src\share\vm\prims\jni.cpp, line 709]
Event: 11.422 Thread 0x000000001a3a6000 Exception <a 'java/lang/NoSuchMethodError': java.lang.Object.lambda$comparing$77a9974f$1(Ljava/util/function/Function;Ljava/lang/Object;Ljava/lang/Object;)I> (0x00000000e9bb2620) thrown at [D:\src\AOSP-openjdk-cygwin\jdk8u\hotspot\src\share\vm\interpreter
Event: 11.423 Thread 0x000000001a3a6000 Exception <a 'java/lang/NoSuchMethodError': java.lang.Object.lambda$thenComparing$36697e65$1(Ljava/util/Comparator;Ljava/lang/Object;Ljava/lang/Object;)I> (0x00000000e9bbdca0) thrown at [D:\src\AOSP-openjdk-cygwin\jdk8u\hotspot\src\share\vm\interpreter\li
Event: 11.533 Thread 0x000000001a3a6000 Exception <a 'java/lang/NoSuchMethodError': java.lang.Object.lambda$maxBy$1(Ljava/util/Comparator;Ljava/lang/Object;Ljava/lang/Object;)Ljava/lang/Object;> (0x00000000e9d216b0) thrown at [D:\src\AOSP-openjdk-cygwin\jdk8u\hotspot\src\share\vm\interpreter\li
Event: 13.116 Thread 0x000000001a3a6000 Exception <a 'java/lang/ClassNotFoundException': org/gradle/api/plugins/BasePluginConventionBeanInfo> (0x00000000ea3ed310) thrown at [D:\src\AOSP-openjdk-cygwin\jdk8u\hotspot\src\share\vm\classfile\systemDictionary.cpp, line 210]
Event: 13.117 Thread 0x000000001a3a6000 Exception <a 'java/lang/ClassNotFoundException': org/gradle/api/plugins/BasePluginConventionCustomizer> (0x00000000ea40cc10) thrown at [D:\src\AOSP-openjdk-cygwin\jdk8u\hotspot\src\share\vm\classfile\systemDictionary.cpp, line 210]
Event: 15.290 Thread 0x000000001a3a6000 Exception <a 'java/lang/NoSuchMethodError': java.lang.Object.lambda$static$0(Ljava/util/Set;Ljava/util/Set;)Z> (0x00000000e1a89c38) thrown at [D:\src\AOSP-openjdk-cygwin\jdk8u\hotspot\src\share\vm\interpreter\linkResolver.cpp, line 584]
Event: 15.290 Thread 0x000000001a3a6000 Exception <a 'java/lang/NoSuchMethodError': java.lang.Object.lambda$static$1(Ljava/util/Set;Ljava/util/Set;)Z> (0x00000000e1a8c9c0) thrown at [D:\src\AOSP-openjdk-cygwin\jdk8u\hotspot\src\share\vm\interpreter\linkResolver.cpp, line 584]
Event: 15.291 Thread 0x000000001a3a6000 Exception <a 'java/lang/NoSuchMethodError': java.lang.Object.lambda$static$2(Ljava/util/Set;Ljava/util/Set;)Z> (0x00000000e1a8f318) thrown at [D:\src\AOSP-openjdk-cygwin\jdk8u\hotspot\src\share\vm\interpreter\linkResolver.cpp, line 584]

Events (10 events):
Event: 15.520 loading class com/android/builder/core/VariantConfiguration
Event: 15.520 loading class com/android/builder/core/VariantConfiguration done
Event: 15.520 loading class com/android/builder/core/VariantConfiguration
Event: 15.520 loading class com/android/builder/core/VariantConfiguration done
Event: 15.520 loading class com/android/builder/core/VariantConfiguration
Event: 15.520 loading class com/android/builder/core/VariantConfiguration done
Event: 15.520 loading class com/android/builder/core/VariantConfiguration
Event: 15.520 loading class com/android/builder/core/VariantConfiguration done
Event: 15.521 loading class com/android/builder/core/VariantConfiguration
Event: 15.521 loading class com/android/builder/core/VariantConfiguration done


Dynamic libraries:
0x00007ff78dd10000 - 0x00007ff78dd41000 	C:\Program Files\Android\Android Studio\jre\bin\java.exe
0x00007ff9911e0000 - 0x00007ff9913c0000 	C:\WINDOWS\SYSTEM32\ntdll.dll
0x00007ff98f600000 - 0x00007ff98f6ae000 	C:\WINDOWS\System32\KERNEL32.DLL
0x00007ff98d5e0000 - 0x00007ff98d846000 	C:\WINDOWS\System32\KERNELBASE.dll
0x00007ff98f350000 - 0x00007ff98f3f1000 	C:\WINDOWS\System32\ADVAPI32.dll
0x00007ff98eef0000 - 0x00007ff98ef8d000 	C:\WINDOWS\System32\msvcrt.dll
0x00007ff98fa60000 - 0x00007ff98fabb000 	C:\WINDOWS\System32\sechost.dll
0x00007ff98eb10000 - 0x00007ff98ec2f000 	C:\WINDOWS\System32\RPCRT4.dll
0x00007ff98f8d0000 - 0x00007ff98fa5f000 	C:\WINDOWS\System32\USER32.dll
0x00007ff98e290000 - 0x00007ff98e2b0000 	C:\WINDOWS\System32\win32u.dll
0x00007ff98f6b0000 - 0x00007ff98f6d8000 	C:\WINDOWS\System32\GDI32.dll
0x00007ff98e510000 - 0x00007ff98e6a3000 	C:\WINDOWS\System32\gdi32full.dll
0x00007ff98e1f0000 - 0x00007ff98e28b000 	C:\WINDOWS\System32\msvcp_win.dll
0x00007ff98e2b0000 - 0x00007ff98e3a6000 	C:\WINDOWS\System32\ucrtbase.dll
0x00007ff96ee30000 - 0x00007ff96f099000 	C:\WINDOWS\WinSxS\amd64_microsoft.windows.common-controls_6595b64144ccf1df_6.0.16299.192_none_15c8cdae9364c23b\COMCTL32.dll
0x00007ff98ef90000 - 0x00007ff98f298000 	C:\WINDOWS\System32\combase.dll
0x00007ff98d850000 - 0x00007ff98d8c2000 	C:\WINDOWS\System32\bcryptPrimitives.dll
0x00007ff991180000 - 0x00007ff9911ad000 	C:\WINDOWS\System32\IMM32.DLL
0x0000000060ad0000 - 0x0000000060ba2000 	C:\Program Files\Android\Android Studio\jre\jre\bin\msvcr100.dll
0x000000005f610000 - 0x000000005fe4e000 	C:\Program Files\Android\Android Studio\jre\jre\bin\server\jvm.dll
0x00007ff991170000 - 0x00007ff991178000 	C:\WINDOWS\System32\PSAPI.DLL
0x00007ff989130000 - 0x00007ff989153000 	C:\WINDOWS\SYSTEM32\WINMM.dll
0x00007ff987810000 - 0x00007ff987819000 	C:\WINDOWS\SYSTEM32\WSOCK32.dll
0x00007ff981e30000 - 0x00007ff981e3a000 	C:\WINDOWS\SYSTEM32\VERSION.dll
0x00007ff98f6e0000 - 0x00007ff98f74c000 	C:\WINDOWS\System32\WS2_32.dll
0x00007ff9890d0000 - 0x00007ff9890fa000 	C:\WINDOWS\SYSTEM32\WINMMBASE.dll
0x00007ff98e4c0000 - 0x00007ff98e50a000 	C:\WINDOWS\System32\cfgmgr32.dll
0x00007ff987150000 - 0x00007ff98715f000 	C:\Program Files\Android\Android Studio\jre\jre\bin\verify.dll
0x00007ff984fc0000 - 0x00007ff984fe9000 	C:\Program Files\Android\Android Studio\jre\jre\bin\java.dll
0x00007ff986f60000 - 0x00007ff986f76000 	C:\Program Files\Android\Android Studio\jre\jre\bin\zip.dll
0x00007ff98fba0000 - 0x00007ff990fd6000 	C:\WINDOWS\System32\SHELL32.dll
0x00007ff98f2a0000 - 0x00007ff98f346000 	C:\WINDOWS\System32\shcore.dll
0x00007ff98d8d0000 - 0x00007ff98e017000 	C:\WINDOWS\System32\windows.storage.dll
0x00007ff98f5a0000 - 0x00007ff98f5f1000 	C:\WINDOWS\System32\shlwapi.dll
0x00007ff98d530000 - 0x00007ff98d541000 	C:\WINDOWS\System32\kernel.appcore.dll
0x00007ff98d590000 - 0x00007ff98d5dc000 	C:\WINDOWS\System32\powrprof.dll
0x00007ff98d570000 - 0x00007ff98d58b000 	C:\WINDOWS\System32\profapi.dll
0x00007ff985ff0000 - 0x00007ff98600a000 	C:\Program Files\Android\Android Studio\jre\jre\bin\net.dll
0x0000000180000000 - 0x000000018006d000 	C:\WINDOWS\system32\LavasoftTcpService64.dll
0x00007ff98ec90000 - 0x00007ff98edd9000 	C:\WINDOWS\System32\ole32.dll
0x00007ff991000000 - 0x00007ff9910c5000 	C:\WINDOWS\System32\OLEAUT32.dll
0x00007ff98cdc0000 - 0x00007ff98ce26000 	C:\WINDOWS\SYSTEM32\MSWSOCK.dll
0x00007ff98cb50000 - 0x00007ff98cb89000 	C:\WINDOWS\SYSTEM32\IPHLPAPI.DLL
0x00007ff98d430000 - 0x00007ff98d460000 	C:\WINDOWS\SYSTEM32\SspiCli.dll
0x00007ff985a80000 - 0x00007ff985a91000 	C:\Program Files\Android\Android Studio\jre\jre\bin\nio.dll
0x00007ff98ae80000 - 0x00007ff98af15000 	C:\WINDOWS\system32\uxtheme.dll
0x0000000061040000 - 0x000000006105a000 	C:\Program Files\ESET\ESET Endpoint Antivirus\eplgHooks.dll
0x00007ff983670000 - 0x00007ff98368e000 	C:\Users\Pondi Brian\.gradle\native\25\windows-amd64\native-platform.dll
0x00007ff9910d0000 - 0x00007ff99116e000 	C:\WINDOWS\System32\clbcatq.dll
0x00007ff98d390000 - 0x00007ff98d42a000 	C:\WINDOWS\SYSTEM32\sxs.dll
0x00007ff985de0000 - 0x00007ff985ded000 	C:\Program Files\Android\Android Studio\jre\jre\bin\management.dll
0x00007ff98cf80000 - 0x00007ff98cf97000 	C:\WINDOWS\SYSTEM32\CRYPTSP.dll
0x00007ff98c9d0000 - 0x00007ff98ca03000 	C:\WINDOWS\system32\rsaenh.dll
0x00007ff98d090000 - 0x00007ff98d0b5000 	C:\WINDOWS\SYSTEM32\bcrypt.dll
0x00007ff98d460000 - 0x00007ff98d489000 	C:\WINDOWS\SYSTEM32\USERENV.dll
0x00007ff98cfa0000 - 0x00007ff98cfab000 	C:\WINDOWS\SYSTEM32\CRYPTBASE.dll
0x00007ff98f750000 - 0x00007ff98f758000 	C:\WINDOWS\System32\NSI.dll
0x00007ff984d40000 - 0x00007ff984d56000 	C:\WINDOWS\SYSTEM32\dhcpcsvc6.DLL
0x00007ff984d10000 - 0x00007ff984d2a000 	C:\WINDOWS\SYSTEM32\dhcpcsvc.DLL

VM Arguments:
jvm_args: -Xmx1536m -Dfile.encoding=windows-1252 -Duser.country=US -Duser.language=en -Duser.variant 
java_command: org.gradle.launcher.daemon.bootstrap.GradleDaemon 4.1
java_class_path (initial): C:\Users\Pondi Brian\.gradle\wrapper\dists\gradle-4.1-all\bzyivzo6n839fup2jbap0tjew\gradle-4.1\lib\gradle-launcher-4.1.jar
Launcher Type: SUN_STANDARD

Environment Variables:
PATH=C:\ProgramData\Oracle\Java\javapath;C:\Users\Bpondi\AppData\Local\Programs\Python\Python35\Lib\site-packages\PyQt5;c:\Windows\System32\;C:\Program Files\nodejs\;C:\Program Files (x86)\Google\Cloud SDK\google-cloud-sdk\bin;C:\Program Files (x86)\Skype\Phone\;C:\Anaconda3;C:\Anaconda3\Scripts;C:\Anaconda3\Library\bin;%SystemRoot%\system32;%SystemRoot%;%SystemRoot%\System32\Wbem;%SYSTEMROOT%\System32\WindowsPowerShell\v1.0\;C:\Users\Pondi Brian\AppData\Local\Microsoft\WindowsApps;C:\Users\Pondi Brian\AppData\Local\GitHubDesktop\bin;%USERPROFILE%\AppData\Local\Microsoft\WindowsApps;
USERNAME=Pondi Brian
OS=Windows_NT
PROCESSOR_IDENTIFIER=Intel64 Family 6 Model 78 Stepping 3, GenuineIntel



---------------  S Y S T E M  ---------------

OS: Windows 10.0 , 64 bit Build 16299 (10.0.16299.15)

CPU:total 4 (initial active 4) (2 cores per cpu, 2 threads per core) family 6 model 78 stepping 3, cmov, cx8, fxsr, mmx, sse, sse2, sse3, ssse3, sse4.1, sse4.2, popcnt, avx, avx2, aes, clmul, erms, rtm, 3dnowpref, lzcnt, ht, tsc, tscinvbit, bmi1, bmi2, adx

Memory: 4k page, physical 7785840k(1112424k free), swap 9676144k(4100k free)

vm_info: OpenJDK 64-Bit Server VM (25.152-b01) for windows-amd64 JRE (1.8.0_152-release-915-b01), built by "builder" with MS VC++ 10.0 (VS2010)

time: Fri Jan 26 22:25:01 2018
elapsed time: 15 seconds (0d 0h 0m 15s)

